RUN	PVE.projetPVE	projetpve	1692341268504	 	3.9.5
USER	TEST PERF AJOUT AU PANIER	START	1692341275751
USER	TEST PERF PROJET PVE PRODUIT UGA	START	1692341275751
USER	TEST PERF PROJET PVE PRODUIT EAN	START	1692341275751
USER	TEST PERF RECHERCHE CATALOGUE	START	1692341275751
USER	TEST PERF RECHERCHE PAR TOUTES LES MARQUES	START	1692341275751
USER	TEST PERTF PASTILLAGE	START	1692341275751
USER	TEST PERF RECHERCHE MOT CLE	START	1692341275751
REQUEST		POST	1692341275794	1692341276903	KO	j.n.ConnectException: Connection refused
REQUEST		POST	1692341275794	1692341276904	KO	j.n.ConnectException: Connection refused
REQUEST		POST	1692341275794	1692341276902	KO	j.n.ConnectException: Connection refused
REQUEST		POST	1692341275794	1692341276902	KO	j.n.ConnectException: Connection refused
REQUEST		POST	1692341275794	1692341276902	KO	j.n.ConnectException: Connection refused
REQUEST		POST	1692341275794	1692341276903	KO	j.n.ConnectException: Connection refused
REQUEST		POST	1692341275794	1692341276904	KO	j.n.ConnectException: Connection refused
ERROR	Get_infos_vendeur: Failed to build request: No attribute named 'access_token' is defined 	1692341276913
ERROR	Get_infos_vendeur: Failed to build request: No attribute named 'access_token' is defined 	1692341276913
ERROR	Get_infos_vendeur: Failed to build request: No attribute named 'access_token' is defined 	1692341276913
ERROR	Get_infos_vendeur: Failed to build request: No attribute named 'access_token' is defined 	1692341276913
ERROR	Get_infos_vendeur: Failed to build request: No attribute named 'access_token' is defined 	1692341276913
ERROR	Get_infos_vendeur: Failed to build request: No attribute named 'access_token' is defined 	1692341276913
ERROR	Get_infos_vendeur: Failed to build request: No attribute named 'access_token' is defined 	1692341276913
ERROR	Get_infos_Magasin: Failed to build request: No attribute named 'user_StoreCode' is defined 	1692341276915
ERROR	Get_infos_Magasin: Failed to build request: No attribute named 'user_StoreCode' is defined 	1692341276915
ERROR	Get_infos_Magasin: Failed to build request: No attribute named 'user_StoreCode' is defined 	1692341276915
ERROR	Get_infos_Magasin: Failed to build request: No attribute named 'user_StoreCode' is defined 	1692341276915
ERROR	Get_infos_Magasin: Failed to build request: No attribute named 'user_StoreCode' is defined 	1692341276915
ERROR	Get_infos_Magasin: Failed to build request: No attribute named 'user_StoreCode' is defined 	1692341276915
ERROR	Search Catalog First Level: Failed to build request: No attribute named 'access_token' is defined 	1692341276915
ERROR	Get_infos_Magasin: Failed to build request: No attribute named 'user_StoreCode' is defined 	1692341276915
ERROR	Create Cart: Failed to build request: No attribute named 'access_token' is defined 	1692341276916
ERROR	Add to Cart: Failed to build request: No attribute named 'cart_Guid' is defined 	1692341276916
ERROR	Get All Brands: Failed to build request: No attribute named 'access_token' is defined 	1692341276917
ERROR	Validate Cart: Failed to build request: No attribute named 'cart_Guid' is defined 	1692341276917
ERROR	Recherche de produit par UGA: Failed to build request: No attribute named 'access_token' is defined 	1692341276917
ERROR	Search Product by EAN: Failed to build request: No attribute named 'access_token' is defined 	1692341276917
ERROR	Search Catalog Next Level: Failed to build request: No attribute named 'current' is defined 	1692341276917
ERROR	Search Client: Failed to build request: No attribute named 'access_token' is defined 	1692341276917
ERROR	Get OutOfStore Brands: Failed to build request: No attribute named 'access_token' is defined 	1692341276917
ERROR	Get Client Info: Failed to build request: No attribute named 'customer_Num_Fid' is defined 	1692341276917
ERROR	Get Pastillage: Failed to build request: No attribute named 'access_token' is defined 	1692341276917
ERROR	Search Products by Keyword: Failed to build request: No attribute named 'access_token' is defined 	1692341276917
ERROR	Tracking Page: Failed to build request: No attribute named 'access_token' is defined 	1692341276917
ERROR	Get Product Stock: Failed to build request: No attribute named 'access_token' is defined 	1692341276918
ERROR	Get Additional Recommendation ID: Failed to build request: No attribute named 'PVE_IDENTIFIER' is defined 	1692341276918
ERROR	Sync GGL Customer: Failed to build request: No attribute named 'customer_Num_Fid' is defined 	1692341276918
ERROR	Sync Customer SAP: Failed to build request: No attribute named 'customer_Num_Fid' is defined 	1692341276918
ERROR	Select Delivery Mode: Failed to build request: No attribute named 'cart_Guid' is defined 	1692341276918
ERROR	Get Similar Recommendation ID: Failed to build request: No attribute named 'PVE_IDENTIFIER' is defined 	1692341276918
ERROR	Get Nearby Stores: Failed to build request: No attribute named 'storeLatitude' is defined 	1692341276918
ERROR	Select Store: Failed to build request: No attribute named 'access_token' is defined 	1692341276918
ERROR	Search Catalog Last Level: Failed to build request: No attribute named 'last' is defined 	1692341276918
ERROR	Get Feature Flipping: Failed to build request: No attribute named 'access_token' is defined 	1692341276918
ERROR	Select Store Address: Failed to build request: No attribute named 'cart_Guid' is defined 	1692341276919
ERROR	Get Store Brands: Failed to build request: No attribute named 'access_token' is defined 	1692341276919
ERROR	Get Product Stock: Failed to build request: No attribute named 'access_token' is defined 	1692341276920
ERROR	Get Product Stock: Failed to build request: No attribute named 'access_token' is defined 	1692341276920
ERROR	Place Order: Failed to build request: No attribute named 'cart_Guid' is defined 	1692341276920
ERROR	Get Nearby Stores: Failed to build request: No attribute named 'storeLatitude' is defined 	1692341276921
ERROR	Get Tracking Page ID: Failed to build request: No attribute named 'access_token' is defined 	1692341276921
ERROR	Confirm Payment: Failed to build request: No attribute named 'access_token' is defined 	1692341276922
ERROR	Recommendation Tracking: Failed to build request: No attribute named 'access_token' is defined 	1692341276922
ERROR	Get Tracking Recommendation ID: Failed to build request: No attribute named 'access_token' is defined 	1692341276922
ERROR	Recommendation for Additional: Failed to build request: No attribute named 'access_token' is defined 	1692341276923
ERROR	Recommendation Tracking: Failed to build request: No attribute named 'access_token' is defined 	1692341276922
ERROR	Recommendation for Similar: Failed to build request: No attribute named 'access_token' is defined 	1692341276923
ERROR	Get Additional Recommendation ID: Failed to build request: No attribute named 'PVE_IDENTIFIER' is defined 	1692341276923
USER	TEST PERTF PASTILLAGE	END	1692341276923
ERROR	Recommendation Tracking: Failed to build request: No attribute named 'access_token' is defined 	1692341276923
ERROR	Get Similar Recommendation ID: Failed to build request: No attribute named 'PVE_IDENTIFIER' is defined 	1692341276923
ERROR	Recommendation Tracking: Failed to build request: No attribute named 'access_token' is defined 	1692341276923
ERROR	Recommendation for Similar: Failed to build request: No attribute named 'access_token' is defined 	1692341276923
USER	TEST PERF RECHERCHE CATALOGUE	END	1692341276924
ERROR	Recommendation for Additional: Failed to build request: No attribute named 'access_token' is defined 	1692341276924
USER	TEST PERF RECHERCHE PAR TOUTES LES MARQUES	END	1692341276924
USER	TEST PERF RECHERCHE MOT CLE	END	1692341276924
USER	TEST PERF AJOUT AU PANIER	END	1692341276924
USER	TEST PERF PROJET PVE PRODUIT EAN	END	1692341276924
ERROR	Get Tracking Recommendation ID: Failed to build request: No attribute named 'access_token' is defined 	1692341276925
ERROR	Get Additional Recommendation ID: Failed to build request: No attribute named 'PVE_IDENTIFIER' is defined 	1692341276926
ERROR	Get Similar Recommendation ID: Failed to build request: No attribute named 'PVE_IDENTIFIER' is defined 	1692341276927
ERROR	Recommendation Tracking: Failed to build request: No attribute named 'access_token' is defined 	1692341276927
ERROR	Recommendation for Similar: Failed to build request: No attribute named 'access_token' is defined 	1692341276928
ERROR	Recommendation for Additional: Failed to build request: No attribute named 'access_token' is defined 	1692341276928
USER	TEST PERF PROJET PVE PRODUIT UGA	END	1692341276928
